mode: set
github.com/vodafon/http2bruno/collection.go:26.43,34.16 3 1
github.com/vodafon/http2bruno/collection.go:34.16,36.3 1 0
github.com/vodafon/http2bruno/collection.go:37.2,37.21 1 1
github.com/vodafon/http2bruno/collection.go:45.36,50.2 3 1
github.com/vodafon/http2bruno/env.go:22.51,23.30 1 1
github.com/vodafon/http2bruno/env.go:23.30,25.3 1 1
github.com/vodafon/http2bruno/env.go:28.2,29.33 2 1
github.com/vodafon/http2bruno/env.go:29.33,31.3 1 0
github.com/vodafon/http2bruno/env.go:32.2,32.39 1 1
github.com/vodafon/http2bruno/env.go:32.39,34.3 1 0
github.com/vodafon/http2bruno/env.go:36.2,36.29 1 1
github.com/vodafon/http2bruno/env.go:36.29,42.3 4 0
github.com/vodafon/http2bruno/env.go:44.2,44.13 1 1
github.com/vodafon/http2bruno/env.go:51.51,52.45 1 1
github.com/vodafon/http2bruno/env.go:52.45,54.3 1 1
github.com/vodafon/http2bruno/env.go:56.2,57.29 2 1
github.com/vodafon/http2bruno/env.go:57.29,58.43 1 1
github.com/vodafon/http2bruno/env.go:58.43,60.4 1 1
github.com/vodafon/http2bruno/env.go:62.2,62.33 1 1
github.com/vodafon/http2bruno/env.go:65.50,67.16 2 0
github.com/vodafon/http2bruno/env.go:67.16,69.3 1 0
github.com/vodafon/http2bruno/env.go:71.2,71.36 1 0
github.com/vodafon/http2bruno/env.go:75.55,84.21 4 1
github.com/vodafon/http2bruno/env.go:84.21,88.17 2 1
github.com/vodafon/http2bruno/env.go:88.17,89.12 1 1
github.com/vodafon/http2bruno/env.go:93.3,93.23 1 1
github.com/vodafon/http2bruno/env.go:93.23,95.12 2 1
github.com/vodafon/http2bruno/env.go:99.3,99.33 1 1
github.com/vodafon/http2bruno/env.go:99.33,101.12 2 1
github.com/vodafon/http2bruno/env.go:105.3,105.18 1 1
github.com/vodafon/http2bruno/env.go:105.18,109.14 2 1
github.com/vodafon/http2bruno/env.go:109.14,110.13 1 1
github.com/vodafon/http2bruno/env.go:113.4,117.26 4 1
github.com/vodafon/http2bruno/env.go:121.2,121.38 1 1
github.com/vodafon/http2bruno/env.go:121.38,123.3 1 0
github.com/vodafon/http2bruno/env.go:125.2,125.17 1 1
github.com/vodafon/http2bruno/env.go:134.49,136.2 1 1
github.com/vodafon/http2bruno/env.go:138.40,145.2 5 1
github.com/vodafon/http2bruno/folder.go:9.43,22.2 10 1
github.com/vodafon/http2bruno/headers.go:8.54,10.2 1 1
github.com/vodafon/http2bruno/helpers.go:8.64,9.21 1 1
github.com/vodafon/http2bruno/helpers.go:9.21,11.3 1 1
github.com/vodafon/http2bruno/helpers.go:13.2,18.20 6 1
github.com/vodafon/http2bruno/helpers.go:21.58,22.20 1 1
github.com/vodafon/http2bruno/helpers.go:22.20,24.3 1 1
github.com/vodafon/http2bruno/helpers.go:26.2,31.20 6 1
github.com/vodafon/http2bruno/helpers.go:34.43,35.17 1 1
github.com/vodafon/http2bruno/helpers.go:35.17,37.3 1 1
github.com/vodafon/http2bruno/helpers.go:39.2,40.28 2 1
github.com/vodafon/http2bruno/helpers.go:40.28,46.3 5 1
github.com/vodafon/http2bruno/helpers.go:47.2,47.20 1 1
github.com/vodafon/http2bruno/helpers.go:50.38,51.17 1 1
github.com/vodafon/http2bruno/helpers.go:51.17,53.3 1 1
github.com/vodafon/http2bruno/helpers.go:55.2,56.23 2 1
github.com/vodafon/http2bruno/helpers.go:56.23,60.3 3 1
github.com/vodafon/http2bruno/helpers.go:61.2,61.20 1 1
github.com/vodafon/http2bruno/helpers.go:66.36,68.16 2 1
github.com/vodafon/http2bruno/helpers.go:68.16,70.3 1 1
github.com/vodafon/http2bruno/helpers.go:71.2,72.32 2 1
github.com/vodafon/http2bruno/helpers.go:72.32,73.21 1 1
github.com/vodafon/http2bruno/helpers.go:73.21,75.4 1 1
github.com/vodafon/http2bruno/helpers.go:77.2,77.14 1 1
github.com/vodafon/http2bruno/main.go:17.13,20.17 2 0
github.com/vodafon/http2bruno/main.go:21.20,23.17 2 0
github.com/vodafon/http2bruno/main.go:23.17,25.4 1 0
github.com/vodafon/http2bruno/main.go:26.16,28.17 2 0
github.com/vodafon/http2bruno/main.go:28.17,30.4 1 0
github.com/vodafon/http2bruno/main.go:31.17,33.17 2 0
github.com/vodafon/http2bruno/main.go:33.17,35.4 1 0
github.com/vodafon/http2bruno/main.go:36.10,37.57 1 0
github.com/vodafon/http2bruno/main.go:41.28,44.2 2 0
github.com/vodafon/http2bruno/meta.go:8.50,10.2 1 1
github.com/vodafon/http2bruno/request.go:34.37,40.16 5 1
github.com/vodafon/http2bruno/request.go:40.16,42.3 1 1
github.com/vodafon/http2bruno/request.go:44.2,44.13 1 1
github.com/vodafon/http2bruno/request.go:52.57,53.14 1 1
github.com/vodafon/http2bruno/request.go:53.14,55.3 1 1
github.com/vodafon/http2bruno/request.go:57.2,58.16 2 1
github.com/vodafon/http2bruno/request.go:58.16,60.3 1 1
github.com/vodafon/http2bruno/request.go:62.2,62.19 1 1
github.com/vodafon/http2bruno/request.go:63.26,64.21 1 1
github.com/vodafon/http2bruno/request.go:65.37,66.20 1 1
github.com/vodafon/http2bruno/request.go:67.20,68.21 1 1
github.com/vodafon/http2bruno/request.go:69.29,70.30 1 1
github.com/vodafon/http2bruno/request.go:71.43,72.31 1 1
github.com/vodafon/http2bruno/request.go:73.10,74.67 1 1
github.com/vodafon/http2bruno/request.go:78.47,80.16 2 0
github.com/vodafon/http2bruno/request.go:80.16,82.3 1 0
github.com/vodafon/http2bruno/request.go:84.2,85.16 2 0
github.com/vodafon/http2bruno/request.go:85.16,87.3 1 0
github.com/vodafon/http2bruno/request.go:88.2,91.16 3 0
github.com/vodafon/http2bruno/request.go:91.16,93.3 1 0
github.com/vodafon/http2bruno/request.go:95.2,103.16 3 0
github.com/vodafon/http2bruno/request.go:103.16,105.3 1 0
github.com/vodafon/http2bruno/request.go:106.2,108.19 2 0
github.com/vodafon/http2bruno/request.go:108.19,110.17 2 0
github.com/vodafon/http2bruno/request.go:110.17,112.4 1 0
github.com/vodafon/http2bruno/request.go:113.8,115.3 1 0
github.com/vodafon/http2bruno/request.go:117.2,117.30 1 0
github.com/vodafon/http2bruno/request.go:120.46,130.39 8 0
github.com/vodafon/http2bruno/request.go:130.39,132.3 1 0
github.com/vodafon/http2bruno/request.go:134.2,134.64 1 0
github.com/vodafon/http2bruno/request.go:134.64,136.3 1 0
github.com/vodafon/http2bruno/request.go:138.2,138.12 1 0
github.com/vodafon/http2bruno/request.go:141.44,154.35 10 1
github.com/vodafon/http2bruno/request.go:154.35,156.3 1 0
github.com/vodafon/http2bruno/request.go:157.2,157.23 1 1
github.com/vodafon/http2bruno/request.go:157.23,159.3 1 1
github.com/vodafon/http2bruno/request.go:160.2,161.19 2 1
github.com/vodafon/http2bruno/request.go:161.19,164.3 2 1
github.com/vodafon/http2bruno/request.go:165.2,178.27 11 1
github.com/vodafon/http2bruno/request.go:178.27,182.3 3 1
github.com/vodafon/http2bruno/request.go:184.2,186.20 2 1
github.com/vodafon/http2bruno/request.go:189.46,190.37 1 1
github.com/vodafon/http2bruno/request.go:190.37,192.3 1 1
github.com/vodafon/http2bruno/request.go:193.2,193.36 1 1
github.com/vodafon/http2bruno/request.go:193.36,195.3 1 1
github.com/vodafon/http2bruno/request.go:196.2,196.57 1 1
github.com/vodafon/http2bruno/request.go:199.51,203.2 3 1
github.com/vodafon/http2bruno/request.go:205.54,209.2 3 1
github.com/vodafon/http2bruno/request.go:212.60,214.16 2 1
github.com/vodafon/http2bruno/request.go:214.16,216.3 1 1
github.com/vodafon/http2bruno/request.go:218.2,220.16 3 1
github.com/vodafon/http2bruno/request.go:220.16,222.3 1 0
github.com/vodafon/http2bruno/request.go:223.2,225.38 2 1
github.com/vodafon/http2bruno/request.go:225.38,226.22 1 1
github.com/vodafon/http2bruno/request.go:226.22,228.4 1 1
github.com/vodafon/http2bruno/request.go:231.2,231.15 1 1
github.com/vodafon/http2bruno/request.go:235.42,238.40 2 1
github.com/vodafon/http2bruno/request.go:238.40,240.3 1 1
github.com/vodafon/http2bruno/request.go:242.2,243.40 2 1
github.com/vodafon/http2bruno/request.go:243.40,245.3 1 0
github.com/vodafon/http2bruno/request.go:246.2,246.11 1 1
github.com/vodafon/http2bruno/request.go:250.57,252.16 2 1
github.com/vodafon/http2bruno/request.go:252.16,254.3 1 1
github.com/vodafon/http2bruno/request.go:255.2,256.29 2 1
github.com/vodafon/http2bruno/request.go:256.29,258.22 2 1
github.com/vodafon/http2bruno/request.go:258.22,262.4 3 1
github.com/vodafon/http2bruno/request.go:262.9,262.29 1 1
github.com/vodafon/http2bruno/request.go:262.29,265.4 2 1
github.com/vodafon/http2bruno/request.go:267.2,267.15 1 1
github.com/vodafon/http2bruno/request.go:275.37,281.69 3 1
github.com/vodafon/http2bruno/request.go:281.69,285.3 2 1
github.com/vodafon/http2bruno/request.go:287.2,287.15 1 1
github.com/vodafon/http2bruno/request.go:300.70,301.19 1 1
github.com/vodafon/http2bruno/request.go:301.19,303.3 1 0
github.com/vodafon/http2bruno/request.go:306.2,307.16 2 1
github.com/vodafon/http2bruno/request.go:307.16,309.3 1 1
github.com/vodafon/http2bruno/request.go:310.2,314.37 2 1
github.com/vodafon/http2bruno/request.go:314.37,316.66 2 1
github.com/vodafon/http2bruno/request.go:316.66,319.4 2 1
github.com/vodafon/http2bruno/request.go:324.2,325.16 2 1
github.com/vodafon/http2bruno/request.go:325.16,327.53 2 1
github.com/vodafon/http2bruno/request.go:327.53,330.48 2 0
github.com/vodafon/http2bruno/request.go:330.48,332.68 2 0
github.com/vodafon/http2bruno/request.go:332.68,335.6 2 0
github.com/vodafon/http2bruno/request.go:338.4,338.56 1 0
github.com/vodafon/http2bruno/request.go:343.2,343.22 1 1
github.com/vodafon/http2bruno/request.go:347.64,351.6 2 1
github.com/vodafon/http2bruno/request.go:351.6,353.17 2 1
github.com/vodafon/http2bruno/request.go:353.17,355.4 1 1
github.com/vodafon/http2bruno/request.go:356.3,356.21 1 1
github.com/vodafon/http2bruno/request.go:356.21,357.9 1 1
github.com/vodafon/http2bruno/request.go:360.3,361.17 2 1
github.com/vodafon/http2bruno/request.go:361.17,363.4 1 0
github.com/vodafon/http2bruno/request.go:366.2,367.16 2 1
github.com/vodafon/http2bruno/request.go:367.16,369.3 1 1
github.com/vodafon/http2bruno/request.go:370.2,370.17 1 1
github.com/vodafon/http2bruno/structure.go:9.51,11.16 2 1
github.com/vodafon/http2bruno/structure.go:11.16,13.3 1 1
github.com/vodafon/http2bruno/structure.go:15.2,16.18 2 1
github.com/vodafon/http2bruno/structure.go:16.18,18.3 1 1
github.com/vodafon/http2bruno/structure.go:19.2,19.37 1 1
github.com/vodafon/http2bruno/structure.go:22.44,24.22 2 1
github.com/vodafon/http2bruno/structure.go:24.22,26.3 1 1
github.com/vodafon/http2bruno/structure.go:28.2,28.60 1 1
github.com/vodafon/http2bruno/structure.go:28.60,30.3 1 0
github.com/vodafon/http2bruno/structure.go:31.2,31.111 1 1
github.com/vodafon/http2bruno/structure.go:31.111,33.3 1 0
github.com/vodafon/http2bruno/structure.go:34.2,34.113 1 1
github.com/vodafon/http2bruno/structure.go:34.113,36.3 1 0
github.com/vodafon/http2bruno/structure.go:39.2,39.76 1 1
github.com/vodafon/http2bruno/structure.go:39.76,41.3 1 0
github.com/vodafon/http2bruno/structure.go:42.2,42.121 1 1
github.com/vodafon/http2bruno/structure.go:42.121,44.3 1 0
github.com/vodafon/http2bruno/structure.go:46.2,46.12 1 1
github.com/vodafon/http2bruno/structure.go:49.41,51.18 2 1
github.com/vodafon/http2bruno/structure.go:51.18,53.3 1 1
github.com/vodafon/http2bruno/structure.go:55.2,55.59 1 1
github.com/vodafon/http2bruno/structure.go:55.59,57.3 1 0
github.com/vodafon/http2bruno/structure.go:58.2,58.108 1 1
github.com/vodafon/http2bruno/structure.go:58.108,60.3 1 0
github.com/vodafon/http2bruno/structure.go:62.2,62.12 1 1
